2020-03-10 07:58:14.922 [Thread-38] INFO  o.s.s.c.ThreadPoolTaskExecutor - Shutting down ExecutorService 'applicationTaskExecutor'
2020-03-10 07:58:14.927 [Thread-38] INFO  com.zaxxer.hikari.HikariDataSource - hikari-cp - Shutdown initiated...
2020-03-10 07:58:15.001 [Thread-38] INFO  com.zaxxer.hikari.HikariDataSource - hikari-cp - Shutdown completed.
2020-03-10 07:58:15.372 [restartedMain] INFO  com.stw.Application - Starting Application on 00000000 with PID 19104 (C:\HIVE\workspace\HIVE\hive-if\target\classes started by owner01 in C:\HIVE\workspace\HIVE\hive-if)
2020-03-10 07:58:15.372 [restartedMain] INFO  com.stw.Application - The following profiles are active: local
2020-03-10 07:58:15.650 [restartedMain] WARN  o.m.s.mapper.ClassPathMapperScanner - No MyBatis mapper was found in '[com.stw]' package. Please check your configuration.
2020-03-10 07:58:15.669 [restartedMain] INFO  o.s.c.s.PostProcessorRegistrationDelegate$BeanPostProcessorChecker - Bean 'org.springframework.ws.config.annotation.DelegatingWsConfiguration' of type [org.springframework.ws.config.annotation.DelegatingWsConfiguration$$EnhancerBySpringCGLIB$$4b9f3327] is not eligible for getting processed by all BeanPostProcessors (for example: not eligible for auto-proxying)
2020-03-10 07:58:15.671 [restartedMain] INFO  o.s.w.s.a.s.AnnotationActionEndpointMapping - Supporting [WS-Addressing August 2004, WS-Addressing 1.0]
2020-03-10 07:58:15.725 [restartedMain] INFO  o.s.b.w.e.tomcat.TomcatWebServer - Tomcat initialized with port(s): 8093 (http)
2020-03-10 07:58:15.726 [restartedMain] INFO  o.a.coyote.http11.Http11NioProtocol - Initializing ProtocolHandler ["http-nio-8093"]
2020-03-10 07:58:15.726 [restartedMain] INFO  o.a.catalina.core.StandardService - Starting service [Tomcat]
2020-03-10 07:58:15.726 [restartedMain] INFO  o.a.catalina.core.StandardEngine - Starting Servlet engine: [Apache Tomcat/9.0.30]
2020-03-10 07:58:15.770 [restartedMain] INFO  org.apache.jasper.servlet.TldScanner - At least one JAR was scanned for TLDs yet contained no TLDs. Enable debug logging for this logger for a complete list of JARs that were scanned but no TLDs were found in them. Skipping unneeded JARs during scanning can improve startup time and JSP compilation time.
2020-03-10 07:58:15.770 [restartedMain] INFO  o.a.c.c.C.[Tomcat].[localhost].[/] - Initializing Spring embedded WebApplicationContext
2020-03-10 07:58:15.770 [restartedMain] INFO  o.s.web.context.ContextLoader - Root WebApplicationContext: initialization completed in 395 ms
2020-03-10 07:58:15.838 [restartedMain] INFO  com.zaxxer.hikari.HikariDataSource - hikari-cp - Starting...
2020-03-10 07:58:15.964 [restartedMain] INFO  com.zaxxer.hikari.HikariDataSource - hikari-cp - Start completed.
2020-03-10 07:58:15.996 [restartedMain] INFO  o.a.c.w.s.f.ReflectionServiceFactoryBean - Creating Service {http://M2MMML020M2002.service.ws.ep.stw.com/}M2MMML030M2002Service from class com.stw.ep.ws.service.M2MMML020M2002.M2MMML030M2002
2020-03-10 07:58:16.017 [restartedMain] INFO  org.apache.cxf.endpoint.ServerImpl - Setting the server's publish address to be /M2_MMM_L030_M2002
2020-03-10 07:58:16.020 [restartedMain] INFO  o.a.c.w.s.f.ReflectionServiceFactoryBean - Creating Service {http://M2MMML020M2002.service.ws.ep.stw.com/}M2MMML030M2002Service from class com.stw.ep.ws.service.M2MMML020M2002.M2MMML030M2002
2020-03-10 07:58:16.022 [restartedMain] INFO  org.apache.cxf.endpoint.ServerImpl - Setting the server's publish address to be /M2_MMM_L030_M2003
2020-03-10 07:58:16.070 [restartedMain] INFO  o.s.s.c.ThreadPoolTaskExecutor - Initializing ExecutorService 'applicationTaskExecutor'
2020-03-10 07:58:16.145 [restartedMain] INFO  o.s.b.d.a.OptionalLiveReloadServer - LiveReload server is running on port 35729
2020-03-10 07:58:16.156 [restartedMain] INFO  o.a.coyote.http11.Http11NioProtocol - Starting ProtocolHandler ["http-nio-8093"]
2020-03-10 07:58:16.160 [restartedMain] INFO  o.s.b.w.e.tomcat.TomcatWebServer - Tomcat started on port(s): 8093 (http) with context path ''
2020-03-10 07:58:16.160 [restartedMain] INFO  com.stw.Application - Started Application in 0.832 seconds (JVM running for 64306.958)
2020-03-10 07:58:16.162 [restartedMain] INFO  o.s.b.d.a.ConditionEvaluationDeltaLoggingListener - Condition evaluation unchanged
2020-03-10 07:58:18.263 [RMI TCP Connection(1100)-127.0.0.1] INFO  o.s.b.a.SpringApplicationAdminMXBeanRegistrar$SpringApplicationAdmin - Application shutdown requested.
2020-03-10 07:58:18.269 [RMI TCP Connection(1100)-127.0.0.1] INFO  o.s.s.c.ThreadPoolTaskExecutor - Shutting down ExecutorService 'applicationTaskExecutor'
2020-03-10 07:58:18.271 [RMI TCP Connection(1100)-127.0.0.1] INFO  com.zaxxer.hikari.HikariDataSource - hikari-cp - Shutdown initiated...
2020-03-10 07:58:18.344 [RMI TCP Connection(1100)-127.0.0.1] INFO  com.zaxxer.hikari.HikariDataSource - hikari-cp - Shutdown completed.
2020-03-10 09:50:54.315 [restartedMain] INFO  com.stw.ep.Application - Starting Application on 00000000 with PID 18840 (C:\HIVE\workspace\HIVE\hive-if\target\classes started by owner01 in C:\HIVE\workspace\HIVE\hive-if)
2020-03-10 09:50:54.319 [restartedMain] INFO  com.stw.ep.Application - The following profiles are active: local
2020-03-10 09:50:54.379 [restartedMain] INFO  o.s.b.d.restart.ChangeableUrls - The Class-Path manifest attribute in C:\HIVE\repository\org\glassfish\jaxb\jaxb-runtime\2.3.2\jaxb-runtime-2.3.2.jar referenced one or more files that do not exist: file:/C:/HIVE/repository/org/glassfish/jaxb/jaxb-runtime/2.3.2/jakarta.xml.bind-api-2.3.2.jar,file:/C:/HIVE/repository/org/glassfish/jaxb/jaxb-runtime/2.3.2/txw2-2.3.2.jar,file:/C:/HIVE/repository/org/glassfish/jaxb/jaxb-runtime/2.3.2/istack-commons-runtime-3.0.8.jar,file:/C:/HIVE/repository/org/glassfish/jaxb/jaxb-runtime/2.3.2/stax-ex-1.8.1.jar,file:/C:/HIVE/repository/org/glassfish/jaxb/jaxb-runtime/2.3.2/FastInfoset-1.2.16.jar,file:/C:/HIVE/repository/org/glassfish/jaxb/jaxb-runtime/2.3.2/jakarta.activation-api-1.2.1.jar
2020-03-10 09:50:54.380 [restartedMain] INFO  o.s.b.d.e.DevToolsPropertyDefaultsPostProcessor - Devtools property defaults active! Set 'spring.devtools.add-properties' to 'false' to disable
2020-03-10 09:50:54.380 [restartedMain] INFO  o.s.b.d.e.DevToolsPropertyDefaultsPostProcessor - For additional web related logging consider setting the 'logging.level.web' property to 'DEBUG'
2020-03-10 09:50:55.168 [restartedMain] WARN  o.m.s.mapper.ClassPathMapperScanner - No MyBatis mapper was found in '[com.stw.ep]' package. Please check your configuration.
2020-03-10 09:50:55.329 [restartedMain] INFO  o.s.c.s.PostProcessorRegistrationDelegate$BeanPostProcessorChecker - Bean 'org.springframework.ws.config.annotation.DelegatingWsConfiguration' of type [org.springframework.ws.config.annotation.DelegatingWsConfiguration$$EnhancerBySpringCGLIB$$b7ab35ef] is not eligible for getting processed by all BeanPostProcessors (for example: not eligible for auto-proxying)
2020-03-10 09:50:55.379 [restartedMain] INFO  o.s.w.s.a.s.AnnotationActionEndpointMapping - Supporting [WS-Addressing August 2004, WS-Addressing 1.0]
2020-03-10 09:50:55.696 [restartedMain] INFO  o.s.b.w.e.tomcat.TomcatWebServer - Tomcat initialized with port(s): 8093 (http)
2020-03-10 09:50:55.708 [restartedMain] INFO  o.a.coyote.http11.Http11NioProtocol - Initializing ProtocolHandler ["http-nio-8093"]
2020-03-10 09:50:55.709 [restartedMain] INFO  o.a.catalina.core.StandardService - Starting service [Tomcat]
2020-03-10 09:50:55.709 [restartedMain] INFO  o.a.catalina.core.StandardEngine - Starting Servlet engine: [Apache Tomcat/9.0.30]
2020-03-10 09:50:55.967 [restartedMain] INFO  org.apache.jasper.servlet.TldScanner - At least one JAR was scanned for TLDs yet contained no TLDs. Enable debug logging for this logger for a complete list of JARs that were scanned but no TLDs were found in them. Skipping unneeded JARs during scanning can improve startup time and JSP compilation time.
2020-03-10 09:50:55.971 [restartedMain] INFO  o.a.c.c.C.[Tomcat].[localhost].[/] - Initializing Spring embedded WebApplicationContext
2020-03-10 09:50:55.971 [restartedMain] INFO  o.s.web.context.ContextLoader - Root WebApplicationContext: initialization completed in 1591 ms
2020-03-10 09:50:56.347 [restartedMain] INFO  com.zaxxer.hikari.HikariDataSource - hikari-cp - Starting...
2020-03-10 09:50:56.717 [restartedMain] INFO  com.zaxxer.hikari.HikariDataSource - hikari-cp - Start completed.
2020-03-10 09:50:57.007 [restartedMain] INFO  o.a.c.w.s.f.ReflectionServiceFactoryBean - Creating Service {http://M2MMML020M2002.service.ws.ep.stw.com/}M2MMML030M2002Service from class com.stw.ep.ws.service.M2MMML020M2002.M2MMML030M2002
2020-03-10 09:50:57.375 [restartedMain] INFO  org.apache.cxf.endpoint.ServerImpl - Setting the server's publish address to be /M2_MMM_L030_M2002
2020-03-10 09:50:57.388 [restartedMain] INFO  o.a.c.w.s.f.ReflectionServiceFactoryBean - Creating Service {http://M2MMML020M2002.service.ws.ep.stw.com/}M2MMML030M2002Service from class com.stw.ep.ws.service.M2MMML020M2002.M2MMML030M2002
2020-03-10 09:50:57.390 [restartedMain] INFO  org.apache.cxf.endpoint.ServerImpl - Setting the server's publish address to be /M2_MMM_L030_M2003
2020-03-10 09:50:57.523 [restartedMain] INFO  o.s.s.c.ThreadPoolTaskExecutor - Initializing ExecutorService 'applicationTaskExecutor'
2020-03-10 09:50:57.769 [restartedMain] INFO  o.s.b.d.a.OptionalLiveReloadServer - LiveReload server is running on port 35729
2020-03-10 09:50:57.791 [restartedMain] INFO  o.a.coyote.http11.Http11NioProtocol - Starting ProtocolHandler ["http-nio-8093"]
2020-03-10 09:50:57.815 [restartedMain] INFO  o.s.b.w.e.tomcat.TomcatWebServer - Tomcat started on port(s): 8093 (http) with context path ''
2020-03-10 09:50:57.818 [restartedMain] INFO  com.stw.ep.Application - Started Application in 4.118 seconds (JVM running for 6.546)
2020-03-10 09:51:35.461 [http-nio-8093-exec-6] WARN  o.a.cxf.phase.PhaseInterceptorChain - Interceptor for {http://M2MMML020M2002.service.ws.ep.stw.com/}M2MMML030M2002Service has thrown exception, unwinding now
org.apache.cxf.interceptor.Fault: Message part {http://M2MMML020M2002.service.ws.stw.com/}M2MMML030M2002Req was not recognized.  (Does it exist in service WSDL?)
	at org.apache.cxf.wsdl.interceptors.DocLiteralInInterceptor.validatePart(DocLiteralInInterceptor.java:252)
	at org.apache.cxf.wsdl.interceptors.DocLiteralInInterceptor.handleMessage(DocLiteralInInterceptor.java:191)
	at org.apache.cxf.phase.PhaseInterceptorChain.doIntercept(PhaseInterceptorChain.java:308)
	at org.apache.cxf.transport.ChainInitiationObserver.onMessage(ChainInitiationObserver.java:121)
	at org.apache.cxf.transport.http.AbstractHTTPDestination.invoke(AbstractHTTPDestination.java:267)
	at org.apache.cxf.transport.servlet.ServletController.invokeDestination(ServletController.java:234)
	at org.apache.cxf.transport.servlet.ServletController.invoke(ServletController.java:208)
	at org.apache.cxf.transport.servlet.ServletController.invoke(ServletController.java:160)
	at org.apache.cxf.transport.servlet.CXFNonSpringServlet.invoke(CXFNonSpringServlet.java:225)
	at org.apache.cxf.transport.servlet.AbstractHTTPServlet.handleRequest(AbstractHTTPServlet.java:301)
	at org.apache.cxf.transport.servlet.AbstractHTTPServlet.doPost(AbstractHTTPServlet.java:220)
	at javax.servlet.http.HttpServlet.service(HttpServlet.java:660)
	at org.apache.cxf.transport.servlet.AbstractHTTPServlet.service(AbstractHTTPServlet.java:276)
	at org.apache.catalina.core.ApplicationFilterChain.internalDoFilter(ApplicationFilterChain.java:231)
	at org.apache.catalina.core.ApplicationFilterChain.doFilter(ApplicationFilterChain.java:166)
	at org.apache.tomcat.websocket.server.WsFilter.doFilter(WsFilter.java:53)
	at org.apache.catalina.core.ApplicationFilterChain.internalDoFilter(ApplicationFilterChain.java:193)
	at org.apache.catalina.core.ApplicationFilterChain.doFilter(ApplicationFilterChain.java:166)
	at org.springframework.web.filter.RequestContextFilter.doFilterInternal(RequestContextFilter.java:100)
	at org.springframework.web.filter.OncePerRequestFilter.doFilter(OncePerRequestFilter.java:119)
	at org.apache.catalina.core.ApplicationFilterChain.internalDoFilter(ApplicationFilterChain.java:193)
	at org.apache.catalina.core.ApplicationFilterChain.doFilter(ApplicationFilterChain.java:166)
	at org.springframework.web.filter.FormContentFilter.doFilterInternal(FormContentFilter.java:93)
	at org.springframework.web.filter.OncePerRequestFilter.doFilter(OncePerRequestFilter.java:119)
	at org.apache.catalina.core.ApplicationFilterChain.internalDoFilter(ApplicationFilterChain.java:193)
	at org.apache.catalina.core.ApplicationFilterChain.doFilter(ApplicationFilterChain.java:166)
	at org.springframework.web.filter.CharacterEncodingFilter.doFilterInternal(CharacterEncodingFilter.java:201)
	at org.springframework.web.filter.OncePerRequestFilter.doFilter(OncePerRequestFilter.java:119)
	at org.apache.catalina.core.ApplicationFilterChain.internalDoFilter(ApplicationFilterChain.java:193)
	at org.apache.catalina.core.ApplicationFilterChain.doFilter(ApplicationFilterChain.java:166)
	at org.apache.catalina.core.StandardWrapperValve.invoke(StandardWrapperValve.java:202)
	at org.apache.catalina.core.StandardContextValve.invoke(StandardContextValve.java:96)
	at org.apache.catalina.authenticator.AuthenticatorBase.invoke(AuthenticatorBase.java:541)
	at org.apache.catalina.core.StandardHostValve.invoke(StandardHostValve.java:139)
	at org.apache.catalina.valves.ErrorReportValve.invoke(ErrorReportValve.java:92)
	at org.apache.catalina.core.StandardEngineValve.invoke(StandardEngineValve.java:74)
	at org.apache.catalina.connector.CoyoteAdapter.service(CoyoteAdapter.java:343)
	at org.apache.coyote.http11.Http11Processor.service(Http11Processor.java:367)
	at org.apache.coyote.AbstractProcessorLight.process(AbstractProcessorLight.java:65)
	at org.apache.coyote.AbstractProtocol$ConnectionHandler.process(AbstractProtocol.java:860)
	at org.apache.tomcat.util.net.NioEndpoint$SocketProcessor.doRun(NioEndpoint.java:1598)
	at org.apache.tomcat.util.net.SocketProcessorBase.run(SocketProcessorBase.java:49)
	at java.util.concurrent.ThreadPoolExecutor.runWorker(ThreadPoolExecutor.java:1149)
	at java.util.concurrent.ThreadPoolExecutor$Worker.run(ThreadPoolExecutor.java:624)
	at org.apache.tomcat.util.threads.TaskThread$WrappingRunnable.run(TaskThread.java:61)
	at java.lang.Thread.run(Thread.java:748)
2020-03-10 09:53:43.122 [http-nio-8093-exec-4] INFO  o.a.c.services.M2MMML030M2002.REQ_IN - REQ_IN
    Address: http://localhost:8093/ep/jaxws-services/M2_MMM_L030_M2002
    HttpMethod: POST
    Content-Type: text/xml;charset=UTF-8
    ExchangeId: 8f7f8043-514f-4e25-bb26-31384c0df983
    ServiceName: M2MMML030M2002Service
    PortName: M2MMML030M2002Port
    PortTypeName: M2MMML030M2002
    Headers: {SOAPAction="", host=localhost:8093, connection=Keep-Alive, content-type=text/xml;charset=UTF-8, Content-Length=476, accept-encoding=gzip,deflate, user-agent=Apache-HttpClient/4.1.1 (java 1.5)}

2020-03-10 09:53:43.140 [http-nio-8093-exec-4] INFO  o.a.c.s.M2MMML030M2002.RESP_OUT - RESP_OUT
    Address: http://localhost:8093/ep/jaxws-services/M2_MMM_L030_M2002
    Content-Type: text/xml
    ResponseCode: 200
    ExchangeId: 8f7f8043-514f-4e25-bb26-31384c0df983
    ServiceName: M2MMML030M2002Service
    PortName: M2MMML030M2002Port
    PortTypeName: M2MMML030M2002
    Headers: {}

2020-03-10 09:56:33.402 [Thread-10] INFO  o.s.s.c.ThreadPoolTaskExecutor - Shutting down ExecutorService 'applicationTaskExecutor'
2020-03-10 09:56:33.403 [Thread-10] INFO  com.zaxxer.hikari.HikariDataSource - hikari-cp - Shutdown initiated...
2020-03-10 09:56:33.474 [Thread-10] INFO  com.zaxxer.hikari.HikariDataSource - hikari-cp - Shutdown completed.
2020-03-10 09:56:33.830 [restartedMain] INFO  com.stw.ep.Application - Starting Application on 00000000 with PID 18840 (C:\HIVE\workspace\HIVE\hive-if\target\classes started by owner01 in C:\HIVE\workspace\HIVE\hive-if)
2020-03-10 09:56:33.830 [restartedMain] INFO  com.stw.ep.Application - The following profiles are active: local
2020-03-10 09:56:34.086 [restartedMain] WARN  o.m.s.mapper.ClassPathMapperScanner - No MyBatis mapper was found in '[com.stw.ep]' package. Please check your configuration.
2020-03-10 09:56:34.102 [restartedMain] INFO  o.s.c.s.PostProcessorRegistrationDelegate$BeanPostProcessorChecker - Bean 'org.springframework.ws.config.annotation.DelegatingWsConfiguration' of type [org.springframework.ws.config.annotation.DelegatingWsConfiguration$$EnhancerBySpringCGLIB$$b7ab35ef] is not eligible for getting processed by all BeanPostProcessors (for example: not eligible for auto-proxying)
2020-03-10 09:56:34.104 [restartedMain] INFO  o.s.w.s.a.s.AnnotationActionEndpointMapping - Supporting [WS-Addressing August 2004, WS-Addressing 1.0]
2020-03-10 09:56:34.152 [restartedMain] INFO  o.s.b.w.e.tomcat.TomcatWebServer - Tomcat initialized with port(s): 8093 (http)
2020-03-10 09:56:34.153 [restartedMain] INFO  o.a.coyote.http11.Http11NioProtocol - Initializing ProtocolHandler ["http-nio-8093"]
2020-03-10 09:56:34.154 [restartedMain] INFO  o.a.catalina.core.StandardService - Starting service [Tomcat]
2020-03-10 09:56:34.154 [restartedMain] INFO  o.a.catalina.core.StandardEngine - Starting Servlet engine: [Apache Tomcat/9.0.30]
2020-03-10 09:56:34.201 [restartedMain] INFO  org.apache.jasper.servlet.TldScanner - At least one JAR was scanned for TLDs yet contained no TLDs. Enable debug logging for this logger for a complete list of JARs that were scanned but no TLDs were found in them. Skipping unneeded JARs during scanning can improve startup time and JSP compilation time.
2020-03-10 09:56:34.202 [restartedMain] INFO  o.a.c.c.C.[Tomcat].[localhost].[/] - Initializing Spring embedded WebApplicationContext
2020-03-10 09:56:34.202 [restartedMain] INFO  o.s.web.context.ContextLoader - Root WebApplicationContext: initialization completed in 369 ms
2020-03-10 09:56:34.285 [restartedMain] INFO  com.zaxxer.hikari.HikariDataSource - hikari-cp - Starting...
2020-03-10 09:56:34.413 [restartedMain] INFO  com.zaxxer.hikari.HikariDataSource - hikari-cp - Start completed.
2020-03-10 09:56:34.445 [restartedMain] INFO  o.a.c.w.s.f.ReflectionServiceFactoryBean - Creating Service {http://M2MMML020M2002.service.ws.ep.stw.com/}M2MMML030M2002Service from class com.stw.ep.ws.service.M2MMML020M2002.M2MMML030M2002
2020-03-10 09:56:34.463 [restartedMain] INFO  org.apache.cxf.endpoint.ServerImpl - Setting the server's publish address to be /M2_MMM_L030_M2002
2020-03-10 09:56:34.465 [restartedMain] INFO  o.a.c.w.s.f.ReflectionServiceFactoryBean - Creating Service {http://M2MMML020M2002.service.ws.ep.stw.com/}M2MMML030M2002Service from class com.stw.ep.ws.service.M2MMML020M2002.M2MMML030M2002
2020-03-10 09:56:34.468 [restartedMain] INFO  org.apache.cxf.endpoint.ServerImpl - Setting the server's publish address to be /M2_MMM_L030_M2003
2020-03-10 09:56:34.514 [restartedMain] INFO  o.s.s.c.ThreadPoolTaskExecutor - Initializing ExecutorService 'applicationTaskExecutor'
2020-03-10 09:56:34.584 [restartedMain] INFO  o.s.b.d.a.OptionalLiveReloadServer - LiveReload server is running on port 35729
2020-03-10 09:56:34.597 [restartedMain] INFO  o.a.coyote.http11.Http11NioProtocol - Starting ProtocolHandler ["http-nio-8093"]
2020-03-10 09:56:34.602 [restartedMain] INFO  o.s.b.w.e.tomcat.TomcatWebServer - Tomcat started on port(s): 8093 (http) with context path ''
2020-03-10 09:56:34.603 [restartedMain] INFO  com.stw.ep.Application - Started Application in 0.815 seconds (JVM running for 343.33)
2020-03-10 09:56:34.612 [restartedMain] INFO  o.s.b.d.a.ConditionEvaluationDeltaLoggingListener - Condition evaluation unchanged
2020-03-10 09:56:39.529 [http-nio-8093-exec-1] INFO  o.a.c.services.M2MMML030M2002.REQ_IN - REQ_IN
    Address: http://localhost:8093/ep/jaxws-services/M2_MMM_L030_M2002
    HttpMethod: POST
    Content-Type: text/xml;charset=UTF-8
    ExchangeId: c70402d9-9cee-4b34-bdee-ebda74a59f39
    ServiceName: M2MMML030M2002Service
    PortName: M2MMML030M2002Port
    PortTypeName: M2MMML030M2002
    Headers: {SOAPAction="", host=localhost:8093, connection=Keep-Alive, content-type=text/xml;charset=UTF-8, Content-Length=476, accept-encoding=gzip,deflate, user-agent=Apache-HttpClient/4.1.1 (java 1.5)}

2020-03-10 09:56:39.531 [http-nio-8093-exec-1] INFO  o.a.c.s.M2MMML030M2002.RESP_OUT - RESP_OUT
    Address: http://localhost:8093/ep/jaxws-services/M2_MMM_L030_M2002
    Content-Type: text/xml
    ResponseCode: 200
    ExchangeId: c70402d9-9cee-4b34-bdee-ebda74a59f39
    ServiceName: M2MMML030M2002Service
    PortName: M2MMML030M2002Port
    PortTypeName: M2MMML030M2002
    Headers: {}

2020-03-10 10:07:19.741 [Thread-17] INFO  o.s.s.c.ThreadPoolTaskExecutor - Shutting down ExecutorService 'applicationTaskExecutor'
2020-03-10 10:07:19.742 [Thread-17] INFO  com.zaxxer.hikari.HikariDataSource - hikari-cp - Shutdown initiated...
2020-03-10 10:07:19.816 [Thread-17] INFO  com.zaxxer.hikari.HikariDataSource - hikari-cp - Shutdown completed.
2020-03-10 10:07:20.252 [restartedMain] INFO  com.stw.ep.Application - Starting Application on 00000000 with PID 18840 (C:\HIVE\workspace\HIVE\hive-if\target\classes started by owner01 in C:\HIVE\workspace\HIVE\hive-if)
2020-03-10 10:07:20.252 [restartedMain] INFO  com.stw.ep.Application - The following profiles are active: local
2020-03-10 10:07:20.504 [restartedMain] WARN  o.m.s.mapper.ClassPathMapperScanner - No MyBatis mapper was found in '[com.stw.ep]' package. Please check your configuration.
2020-03-10 10:07:20.520 [restartedMain] INFO  o.s.c.s.PostProcessorRegistrationDelegate$BeanPostProcessorChecker - Bean 'org.springframework.ws.config.annotation.DelegatingWsConfiguration' of type [org.springframework.ws.config.annotation.DelegatingWsConfiguration$$EnhancerBySpringCGLIB$$b7ab35ef] is not eligible for getting processed by all BeanPostProcessors (for example: not eligible for auto-proxying)
2020-03-10 10:07:20.521 [restartedMain] INFO  o.s.w.s.a.s.AnnotationActionEndpointMapping - Supporting [WS-Addressing August 2004, WS-Addressing 1.0]
2020-03-10 10:07:20.562 [restartedMain] INFO  o.s.b.w.e.tomcat.TomcatWebServer - Tomcat initialized with port(s): 8093 (http)
2020-03-10 10:07:20.563 [restartedMain] INFO  o.a.coyote.http11.Http11NioProtocol - Initializing ProtocolHandler ["http-nio-8093"]
2020-03-10 10:07:20.563 [restartedMain] INFO  o.a.catalina.core.StandardService - Starting service [Tomcat]
2020-03-10 10:07:20.563 [restartedMain] INFO  o.a.catalina.core.StandardEngine - Starting Servlet engine: [Apache Tomcat/9.0.30]
2020-03-10 10:07:20.604 [restartedMain] INFO  org.apache.jasper.servlet.TldScanner - At least one JAR was scanned for TLDs yet contained no TLDs. Enable debug logging for this logger for a complete list of JARs that were scanned but no TLDs were found in them. Skipping unneeded JARs during scanning can improve startup time and JSP compilation time.
2020-03-10 10:07:20.605 [restartedMain] INFO  o.a.c.c.C.[Tomcat].[localhost].[/] - Initializing Spring embedded WebApplicationContext
2020-03-10 10:07:20.605 [restartedMain] INFO  o.s.web.context.ContextLoader - Root WebApplicationContext: initialization completed in 350 ms
2020-03-10 10:07:20.677 [restartedMain] INFO  com.zaxxer.hikari.HikariDataSource - hikari-cp - Starting...
2020-03-10 10:07:20.806 [restartedMain] INFO  com.zaxxer.hikari.HikariDataSource - hikari-cp - Start completed.
2020-03-10 10:07:20.833 [restartedMain] INFO  o.a.c.w.s.f.ReflectionServiceFactoryBean - Creating Service {http://M2MMML020M2002.service.ws.ep.stw.com/}M2MMML030M2002Service from class com.stw.ep.ws.service.M2MMML020M2002.M2MMML030M2002
2020-03-10 10:07:20.849 [restartedMain] INFO  org.apache.cxf.endpoint.ServerImpl - Setting the server's publish address to be /M2_MMM_L030_M2002
2020-03-10 10:07:20.851 [restartedMain] INFO  o.a.c.w.s.f.ReflectionServiceFactoryBean - Creating Service {http://M2MMML020M2002.service.ws.ep.stw.com/}M2MMML030M2002Service from class com.stw.ep.ws.service.M2MMML020M2002.M2MMML030M2002
2020-03-10 10:07:20.854 [restartedMain] INFO  org.apache.cxf.endpoint.ServerImpl - Setting the server's publish address to be /M2_MMM_L030_M2003
2020-03-10 10:07:20.898 [restartedMain] INFO  o.s.s.c.ThreadPoolTaskExecutor - Initializing ExecutorService 'applicationTaskExecutor'
2020-03-10 10:07:20.965 [restartedMain] INFO  o.s.b.d.a.OptionalLiveReloadServer - LiveReload server is running on port 35729
2020-03-10 10:07:20.986 [restartedMain] INFO  o.a.coyote.http11.Http11NioProtocol - Starting ProtocolHandler ["http-nio-8093"]
2020-03-10 10:07:20.993 [restartedMain] INFO  o.s.b.w.e.tomcat.TomcatWebServer - Tomcat started on port(s): 8093 (http) with context path ''
2020-03-10 10:07:20.994 [restartedMain] INFO  com.stw.ep.Application - Started Application in 0.782 seconds (JVM running for 989.72)
2020-03-10 10:07:20.997 [restartedMain] INFO  o.s.b.d.a.ConditionEvaluationDeltaLoggingListener - Condition evaluation unchanged
2020-03-10 10:07:26.315 [http-nio-8093-exec-6] INFO  o.a.c.services.M2MMML030M2002.REQ_IN - REQ_IN
    Address: http://localhost:8093/ep/jaxws-services/M2_MMM_L030_M2002
    HttpMethod: POST
    Content-Type: text/xml;charset=UTF-8
    ExchangeId: 11f1313b-8197-4574-b958-e2c30f7cecb5
    ServiceName: M2MMML030M2002Service
    PortName: M2MMML030M2002Port
    PortTypeName: M2MMML030M2002
    Headers: {SOAPAction="", host=localhost:8093, connection=Keep-Alive, content-type=text/xml;charset=UTF-8, Content-Length=476, accept-encoding=gzip,deflate, user-agent=Apache-HttpClient/4.1.1 (java 1.5)}
    Payload: <soapenv:Envelope xmlns:soapenv="http://schemas.xmlsoap.org/soap/envelope/" xmlns:m2m="http://M2MMML020M2002.service.ws.ep.stw.com/">
   <soapenv:Header/>
   <soapenv:Body>
      <m2m:M2MMML030M2002Req>
         <!--Optional:-->
         <IV_BUKRS>2</IV_BUKRS>
         <IV_ANLN1_F>3</IV_ANLN1_F>
         <IV_ANLN2_F>4</IV_ANLN2_F>
         <!--Optional:-->
         <IV_ZMOLDNO>5</IV_ZMOLDNO>
      </m2m:M2MMML030M2002Req>
   </soapenv:Body>
</soapenv:Envelope>

2020-03-10 10:07:26.318 [http-nio-8093-exec-6] INFO  o.a.c.s.M2MMML030M2002.RESP_OUT - RESP_OUT
    Address: http://localhost:8093/ep/jaxws-services/M2_MMM_L030_M2002
    Content-Type: text/xml
    ResponseCode: 200
    ExchangeId: 11f1313b-8197-4574-b958-e2c30f7cecb5
    ServiceName: M2MMML030M2002Service
    PortName: M2MMML030M2002Port
    PortTypeName: M2MMML030M2002
    Headers: {}
    Payload: <soap:Envelope xmlns:soap="http://schemas.xmlsoap.org/soap/envelope/"><soap:Body><ns2:processResponse xmlns:ns2="http://M2MMML020M2002.service.ws.ep.stw.com/"><EV_ZIFFLAG>E</EV_ZIFFLAG></ns2:processResponse></soap:Body></soap:Envelope>

2020-03-10 10:26:36.665 [Thread-24] INFO  o.s.s.c.ThreadPoolTaskExecutor - Shutting down ExecutorService 'applicationTaskExecutor'
2020-03-10 10:26:36.666 [Thread-24] INFO  com.zaxxer.hikari.HikariDataSource - hikari-cp - Shutdown initiated...
2020-03-10 10:26:36.738 [Thread-24] INFO  com.zaxxer.hikari.HikariDataSource - hikari-cp - Shutdown completed.
2020-03-10 10:26:37.119 [restartedMain] INFO  com.stw.ep.Application - Starting Application on 00000000 with PID 18840 (C:\HIVE\workspace\HIVE\hive-if\target\classes started by owner01 in C:\HIVE\workspace\HIVE\hive-if)
2020-03-10 10:26:37.120 [restartedMain] INFO  com.stw.ep.Application - The following profiles are active: local
2020-03-10 10:26:37.329 [restartedMain] WARN  o.m.s.mapper.ClassPathMapperScanner - No MyBatis mapper was found in '[com.stw.ep]' package. Please check your configuration.
2020-03-10 10:26:37.341 [restartedMain] INFO  o.s.c.s.PostProcessorRegistrationDelegate$BeanPostProcessorChecker - Bean 'org.springframework.ws.config.annotation.DelegatingWsConfiguration' of type [org.springframework.ws.config.annotation.DelegatingWsConfiguration$$EnhancerBySpringCGLIB$$b7ab35ef] is not eligible for getting processed by all BeanPostProcessors (for example: not eligible for auto-proxying)
2020-03-10 10:26:37.343 [restartedMain] INFO  o.s.w.s.a.s.AnnotationActionEndpointMapping - Supporting [WS-Addressing August 2004, WS-Addressing 1.0]
2020-03-10 10:26:37.378 [restartedMain] INFO  o.s.b.w.e.tomcat.TomcatWebServer - Tomcat initialized with port(s): 8093 (http)
2020-03-10 10:26:37.379 [restartedMain] INFO  o.a.coyote.http11.Http11NioProtocol - Initializing ProtocolHandler ["http-nio-8093"]
2020-03-10 10:26:37.379 [restartedMain] INFO  o.a.catalina.core.StandardService - Starting service [Tomcat]
2020-03-10 10:26:37.379 [restartedMain] INFO  o.a.catalina.core.StandardEngine - Starting Servlet engine: [Apache Tomcat/9.0.30]
2020-03-10 10:26:37.424 [restartedMain] INFO  org.apache.jasper.servlet.TldScanner - At least one JAR was scanned for TLDs yet contained no TLDs. Enable debug logging for this logger for a complete list of JARs that were scanned but no TLDs were found in them. Skipping unneeded JARs during scanning can improve startup time and JSP compilation time.
2020-03-10 10:26:37.425 [restartedMain] INFO  o.a.c.c.C.[Tomcat].[localhost].[/] - Initializing Spring embedded WebApplicationContext
2020-03-10 10:26:37.425 [restartedMain] INFO  o.s.web.context.ContextLoader - Root WebApplicationContext: initialization completed in 303 ms
2020-03-10 10:26:37.492 [restartedMain] INFO  com.zaxxer.hikari.HikariDataSource - hikari-cp - Starting...
2020-03-10 10:26:37.630 [restartedMain] INFO  com.zaxxer.hikari.HikariDataSource - hikari-cp - Start completed.
2020-03-10 10:26:37.655 [restartedMain] INFO  o.a.c.w.s.f.ReflectionServiceFactoryBean - Creating Service {http://M2MMML020M2002.service.ws.ep.stw.com/}M2MMML030M2002Service from class com.stw.ep.ws.service.M2MMML020M2002.M2MMML030M2002
2020-03-10 10:26:37.669 [restartedMain] INFO  org.apache.cxf.endpoint.ServerImpl - Setting the server's publish address to be /M2_MMM_L030_M2002
2020-03-10 10:26:37.671 [restartedMain] INFO  o.a.c.w.s.f.ReflectionServiceFactoryBean - Creating Service {http://M2MMML020M2002.service.ws.ep.stw.com/}M2MMML030M2002Service from class com.stw.ep.ws.service.M2MMML020M2002.M2MMML030M2002
2020-03-10 10:26:37.674 [restartedMain] INFO  org.apache.cxf.endpoint.ServerImpl - Setting the server's publish address to be /M2_MMM_L030_M2003
2020-03-10 10:26:37.710 [restartedMain] INFO  o.s.s.c.ThreadPoolTaskExecutor - Initializing ExecutorService 'applicationTaskExecutor'
2020-03-10 10:26:37.770 [restartedMain] INFO  o.s.b.d.a.OptionalLiveReloadServer - LiveReload server is running on port 35729
2020-03-10 10:26:37.780 [restartedMain] INFO  o.a.coyote.http11.Http11NioProtocol - Starting ProtocolHandler ["http-nio-8093"]
2020-03-10 10:26:37.785 [restartedMain] INFO  o.s.b.w.e.tomcat.TomcatWebServer - Tomcat started on port(s): 8093 (http) with context path ''
2020-03-10 10:26:37.786 [restartedMain] INFO  com.stw.ep.Application - Started Application in 0.702 seconds (JVM running for 2146.51)
2020-03-10 10:26:37.788 [restartedMain] INFO  o.s.b.d.a.ConditionEvaluationDeltaLoggingListener - Condition evaluation unchanged
2020-03-10 10:28:03.456 [Thread-31] INFO  o.s.s.c.ThreadPoolTaskExecutor - Shutting down ExecutorService 'applicationTaskExecutor'
2020-03-10 10:28:03.457 [Thread-31] INFO  com.zaxxer.hikari.HikariDataSource - hikari-cp - Shutdown initiated...
2020-03-10 10:28:03.528 [Thread-31] INFO  com.zaxxer.hikari.HikariDataSource - hikari-cp - Shutdown completed.
