2020-03-23 16:35:02.898 [restartedMain] INFO  com.stw.ep.Application - Starting Application on 00000000 with PID 23500 (C:\HIVE\workspace\HIVE\hive-if\target\classes started by owner01 in C:\HIVE\workspace\HIVE\hive-if)
2020-03-23 16:35:02.901 [restartedMain] INFO  com.stw.ep.Application - The following profiles are active: local
2020-03-23 16:35:02.982 [restartedMain] INFO  o.s.b.d.restart.ChangeableUrls - The Class-Path manifest attribute in C:\HIVE\repository\org\glassfish\jaxb\jaxb-runtime\2.3.2\jaxb-runtime-2.3.2.jar referenced one or more files that do not exist: file:/C:/HIVE/repository/org/glassfish/jaxb/jaxb-runtime/2.3.2/jakarta.xml.bind-api-2.3.2.jar,file:/C:/HIVE/repository/org/glassfish/jaxb/jaxb-runtime/2.3.2/txw2-2.3.2.jar,file:/C:/HIVE/repository/org/glassfish/jaxb/jaxb-runtime/2.3.2/istack-commons-runtime-3.0.8.jar,file:/C:/HIVE/repository/org/glassfish/jaxb/jaxb-runtime/2.3.2/stax-ex-1.8.1.jar,file:/C:/HIVE/repository/org/glassfish/jaxb/jaxb-runtime/2.3.2/FastInfoset-1.2.16.jar,file:/C:/HIVE/repository/org/glassfish/jaxb/jaxb-runtime/2.3.2/jakarta.activation-api-1.2.1.jar
2020-03-23 16:35:02.983 [restartedMain] INFO  o.s.b.d.e.DevToolsPropertyDefaultsPostProcessor - Devtools property defaults active! Set 'spring.devtools.add-properties' to 'false' to disable
2020-03-23 16:35:02.983 [restartedMain] INFO  o.s.b.d.e.DevToolsPropertyDefaultsPostProcessor - For additional web related logging consider setting the 'logging.level.web' property to 'DEBUG'
2020-03-23 16:35:04.019 [restartedMain] WARN  o.m.s.mapper.ClassPathMapperScanner - No MyBatis mapper was found in '[com.stw.ep]' package. Please check your configuration.
2020-03-23 16:35:04.150 [restartedMain] INFO  o.s.c.s.PostProcessorRegistrationDelegate$BeanPostProcessorChecker - Bean 'org.springframework.ws.config.annotation.DelegatingWsConfiguration' of type [org.springframework.ws.config.annotation.DelegatingWsConfiguration$$EnhancerBySpringCGLIB$$9b1bc8bd] is not eligible for getting processed by all BeanPostProcessors (for example: not eligible for auto-proxying)
2020-03-23 16:35:04.181 [restartedMain] INFO  o.s.w.s.a.s.AnnotationActionEndpointMapping - Supporting [WS-Addressing August 2004, WS-Addressing 1.0]
2020-03-23 16:35:04.523 [restartedMain] INFO  o.s.b.w.e.tomcat.TomcatWebServer - Tomcat initialized with port(s): 8093 (http)
2020-03-23 16:35:04.542 [restartedMain] INFO  o.a.coyote.http11.Http11NioProtocol - 프로토콜 핸들러 ["http-nio-8093"]을(를) 초기화합니다.
2020-03-23 16:35:04.542 [restartedMain] INFO  o.a.catalina.core.StandardService - 서비스 [Tomcat]을(를) 시작합니다.
2020-03-23 16:35:04.542 [restartedMain] INFO  o.a.catalina.core.StandardEngine - 서버 엔진을 시작합니다: [Apache Tomcat/9.0.33]
2020-03-23 16:35:04.718 [restartedMain] INFO  org.apache.jasper.servlet.TldScanner - 적어도 하나의 JAR가 TLD들을 찾기 위해 스캔되었으나 아무 것도 찾지 못했습니다. 스캔했으나 TLD가 없는 JAR들의 전체 목록을 보시려면, 로그 레벨을 디버그 레벨로 설정하십시오. 스캔 과정에서 불필요한 JAR들을 건너뛰면, 시스템 시작 시간과 JSP 컴파일 시간을 단축시킬 수 있습니다.
2020-03-23 16:35:04.721 [restartedMain] INFO  o.a.c.c.C.[Tomcat].[localhost].[/] - Initializing Spring embedded WebApplicationContext
2020-03-23 16:35:04.721 [restartedMain] INFO  o.s.web.context.ContextLoader - Root WebApplicationContext: initialization completed in 1737 ms
2020-03-23 16:35:04.988 [restartedMain] INFO  com.zaxxer.hikari.HikariDataSource - hikari-cp - Starting...
2020-03-23 16:35:05.320 [restartedMain] INFO  com.zaxxer.hikari.HikariDataSource - hikari-cp - Start completed.
2020-03-23 16:35:05.320 [restartedMain] INFO  com.stw.ep.config.DataSourceConfig - dataSource=HikariDataSource (hikari-cp)
2020-03-23 16:35:05.614 [restartedMain] INFO  o.a.c.w.s.f.ReflectionServiceFactoryBean - Creating Service {http://M2MMML020M2002.service.ws.ep.stw.com/}M2MMML030M2002Service from class com.stw.ep.ws.service.M2MMML020M2002.M2MMML030M2002
2020-03-23 16:35:05.973 [restartedMain] INFO  org.apache.cxf.endpoint.ServerImpl - Setting the server's publish address to be /M2_MMM_L030_M2002
2020-03-23 16:35:06.126 [restartedMain] INFO  o.s.s.c.ThreadPoolTaskExecutor - Initializing ExecutorService 'applicationTaskExecutor'
2020-03-23 16:35:06.381 [restartedMain] INFO  o.s.b.d.a.OptionalLiveReloadServer - LiveReload server is running on port 35729
2020-03-23 16:35:06.406 [restartedMain] INFO  o.a.coyote.http11.Http11NioProtocol - 프로토콜 핸들러 ["http-nio-8093"]을(를) 시작합니다.
2020-03-23 16:35:06.427 [restartedMain] INFO  o.s.b.w.e.tomcat.TomcatWebServer - Tomcat started on port(s): 8093 (http) with context path ''
2020-03-23 16:35:06.431 [restartedMain] INFO  com.stw.ep.Application - Started Application in 3.952 seconds (JVM running for 4.848)
2020-03-23 16:35:23.625 [http-nio-8093-exec-4] INFO  o.a.c.c.C.[Tomcat].[localhost].[/] - Initializing Spring DispatcherServlet 'dispatcherServlet'
2020-03-23 16:35:23.625 [http-nio-8093-exec-4] INFO  o.s.web.servlet.DispatcherServlet - Initializing Servlet 'dispatcherServlet'
2020-03-23 16:35:23.635 [http-nio-8093-exec-4] INFO  o.s.web.servlet.DispatcherServlet - Completed initialization in 10 ms
2020-03-23 16:37:34.135 [RMI TCP Connection(15)-127.0.0.1] INFO  o.s.b.a.SpringApplicationAdminMXBeanRegistrar$SpringApplicationAdmin - Application shutdown requested.
2020-03-23 16:37:34.141 [RMI TCP Connection(15)-127.0.0.1] INFO  o.s.s.c.ThreadPoolTaskExecutor - Shutting down ExecutorService 'applicationTaskExecutor'
2020-03-23 16:37:34.142 [RMI TCP Connection(15)-127.0.0.1] INFO  com.zaxxer.hikari.HikariDataSource - hikari-cp - Shutdown initiated...
2020-03-23 16:37:38.100 [RMI TCP Connection(15)-127.0.0.1] INFO  com.zaxxer.hikari.HikariDataSource - hikari-cp - Shutdown completed.
